nohup: ignoring input
/home/lzy/anaconda3/lib/python3.8/site-packages/scipy/__init__.py:138: UserWarning: A NumPy version >=1.16.5 and <1.23.0 is required for this version of SciPy (detected version 1.24.3)
  warnings.warn(f"A NumPy version >={np_minversion} and <{np_maxversion} is required for this version of "
Traceback (most recent call last):
  File "/home/lzy/lab/Project/svr_cv2.py", line 269, in <module>
    train_svr()
  File "/home/lzy/lab/Project/svr_cv2.py", line 207, in train_svr
    overall_for(train_x, test_x, train_y, test_y, 'd(t+'+str(i)+')')
  File "/home/lzy/lab/Project/svr_cv2.py", line 200, in overall_for
    MSE,RMSE,MAE = svr_test(modelFilePath, test_x, test_y, testResultPath, predResultPath)
  File "/home/lzy/lab/Project/svr_cv2.py", line 136, in svr_test
    pred = model.predict(test_x)
  File "/home/lzy/anaconda3/lib/python3.8/site-packages/sklearn/svm/_base.py", line 342, in predict
    X = self._validate_for_predict(X)
  File "/home/lzy/anaconda3/lib/python3.8/site-packages/sklearn/svm/_base.py", line 474, in _validate_for_predict
    X = check_array(X, accept_sparse='csr', dtype=np.float64,
  File "/home/lzy/anaconda3/lib/python3.8/site-packages/sklearn/utils/validation.py", line 63, in inner_f
    return f(*args, **kwargs)
  File "/home/lzy/anaconda3/lib/python3.8/site-packages/sklearn/utils/validation.py", line 663, in check_array
    _assert_all_finite(array,
  File "/home/lzy/anaconda3/lib/python3.8/site-packages/sklearn/utils/validation.py", line 103, in _assert_all_finite
    raise ValueError(
ValueError: Input contains NaN, infinity or a value too large for dtype('float64').
nohup: ignoring input
/home/lzy/anaconda3/lib/python3.8/site-packages/scipy/__init__.py:138: UserWarning: A NumPy version >=1.16.5 and <1.23.0 is required for this version of SciPy (detected version 1.24.3)
  warnings.warn(f"A NumPy version >={np_minversion} and <{np_maxversion} is required for this version of "
Traceback (most recent call last):
  File "/home/lzy/lab/Project/svr_cv2.py", line 270, in <module>
    train_svr()
  File "/home/lzy/lab/Project/svr_cv2.py", line 208, in train_svr
    overall_for(train_x, test_x, train_y, test_y, 'd(t+'+str(i)+')')
  File "/home/lzy/lab/Project/svr_cv2.py", line 201, in overall_for
    MSE,RMSE,MAE = svr_test(modelFilePath, test_x, test_y, testResultPath, predResultPath)
  File "/home/lzy/lab/Project/svr_cv2.py", line 137, in svr_test
    pred = model.predict(test_x)
  File "/home/lzy/anaconda3/lib/python3.8/site-packages/sklearn/svm/_base.py", line 342, in predict
    X = self._validate_for_predict(X)
  File "/home/lzy/anaconda3/lib/python3.8/site-packages/sklearn/svm/_base.py", line 474, in _validate_for_predict
    X = check_array(X, accept_sparse='csr', dtype=np.float64,
  File "/home/lzy/anaconda3/lib/python3.8/site-packages/sklearn/utils/validation.py", line 63, in inner_f
    return f(*args, **kwargs)
  File "/home/lzy/anaconda3/lib/python3.8/site-packages/sklearn/utils/validation.py", line 663, in check_array
    _assert_all_finite(array,
  File "/home/lzy/anaconda3/lib/python3.8/site-packages/sklearn/utils/validation.py", line 103, in _assert_all_finite
    raise ValueError(
ValueError: Input contains NaN, infinity or a value too large for dtype('float64').
nohup: ignoring input
/home/lzy/anaconda3/lib/python3.8/site-packages/scipy/__init__.py:138: UserWarning: A NumPy version >=1.16.5 and <1.23.0 is required for this version of SciPy (detected version 1.24.3)
  warnings.warn(f"A NumPy version >={np_minversion} and <{np_maxversion} is required for this version of "
Traceback (most recent call last):
  File "/home/lzy/lab/Project/svr_cv2.py", line 271, in <module>
    train_svr()
  File "/home/lzy/lab/Project/svr_cv2.py", line 209, in train_svr
    overall_for(train_x, test_x, train_y, test_y, 'd(t+'+str(i)+')')
  File "/home/lzy/lab/Project/svr_cv2.py", line 202, in overall_for
    MSE,RMSE,MAE = svr_test(modelFilePath, test_x, test_y, testResultPath, predResultPath)
  File "/home/lzy/lab/Project/svr_cv2.py", line 138, in svr_test
    pred = model.predict(test_x)
  File "/home/lzy/anaconda3/lib/python3.8/site-packages/sklearn/svm/_base.py", line 342, in predict
    X = self._validate_for_predict(X)
  File "/home/lzy/anaconda3/lib/python3.8/site-packages/sklearn/svm/_base.py", line 474, in _validate_for_predict
    X = check_array(X, accept_sparse='csr', dtype=np.float64,
  File "/home/lzy/anaconda3/lib/python3.8/site-packages/sklearn/utils/validation.py", line 63, in inner_f
    return f(*args, **kwargs)
  File "/home/lzy/anaconda3/lib/python3.8/site-packages/sklearn/utils/validation.py", line 663, in check_array
    _assert_all_finite(array,
  File "/home/lzy/anaconda3/lib/python3.8/site-packages/sklearn/utils/validation.py", line 103, in _assert_all_finite
    raise ValueError(
ValueError: Input contains NaN, infinity or a value too large for dtype('float64').
